# JRE version: OpenJDK Runtime Environment Temurin-21.0.6+7 (21.0.6+7) (build 21.0.6+7-LTS)
# Java VM: OpenJDK 64-Bit Server VM Temurin-21.0.6+7 (21.0.6+7-LTS, mixed mode, sharing, tiered, compressed oops, compressed class ptrs, parallel gc, windows-amd64)
GC Precious Log:
 CardTable entry size: 512
 CPUs: 6 total, 6 available
 Memory: 16205M
 Large Page Support: Disabled
 NUMA Support: Disabled
 Compressed Oops: Enabled (32-bit)
 Alignments: Space 512K, Generation 512K, Heap 2M
 Heap Min Capacity: 100M
 Heap Initial Capacity: 100M
 Heap Max Capacity: 1G
 Pre-touch: Disabled
 Parallel Workers: 6
Heap:
 PSYoungGen      total 5632K, used 4580K [0x00000000eab00000, 0x00000000eb400000, 0x0000000100000000)
  eden space 3072K, 99% used [0x00000000eab00000,0x00000000eadfd948,0x00000000eae00000)
  from space 2560K, 59% used [0x00000000eb180000,0x00000000eb2fb958,0x00000000eb400000)
  to   space 3072K, 0% used [0x00000000eae00000,0x00000000eae00000,0x00000000eb100000)
 ParOldGen       total 394752K, used 394707K [0x00000000c0000000, 0x00000000d8180000, 0x00000000eab00000)
  object space 394752K, 99% used [0x00000000c0000000,0x00000000d8174c28,0x00000000d8180000)
 Metaspace       used 65823K, committed 67200K, reserved 1114112K
  class space    used 6814K, committed 7424K, reserved 1048576K
GC Heap History (20 events):
Event: 1767.446 GC heap before
{Heap before GC invocations=268 (full 3):
 PSYoungGen      total 2048K, used 1888K [0x00000000eab00000, 0x00000000eae00000, 0x0000000100000000)
  eden space 1536K, 100% used [0x00000000eab00000,0x00000000eac80000,0x00000000eac80000)
  from space 512K, 68% used [0x00000000ead80000,0x00000000eadd8000,0x00000000eae00000)
  to   space 512K, 0% used [0x00000000ead00000,0x00000000ead00000,0x00000000ead80000)
 ParOldGen       total 382976K, used 382849K [0x00000000c0000000, 0x00000000d7600000, 0x00000000eab00000)
  object space 382976K, 99% used [0x00000000c0000000,0x00000000d75e0788,0x00000000d7600000)
 Metaspace       used 65681K, committed 67072K, reserved 1114112K
  class space    used 6802K, committed 7424K, reserved 1048576K
}
Event: 1767.448 GC heap after
{Heap after GC invocations=268 (full 3):
 PSYoungGen      total 2560K, used 512K [0x00000000eab00000, 0x00000000eaf00000, 0x0000000100000000)
  eden space 2048K, 0% used [0x00000000eab00000,0x00000000eab00000,0x00000000ead00000)
  from space 512K, 100% used [0x00000000ead00000,0x00000000ead80000,0x00000000ead80000)
  to   space 1024K, 0% used [0x00000000eae00000,0x00000000eae00000,0x00000000eaf00000)
 ParOldGen       total 383488K, used 383225K [0x00000000c0000000, 0x00000000d7680000, 0x00000000eab00000)
  object space 383488K, 99% used [0x00000000c0000000,0x00000000d763e788,0x00000000d7680000)
 Metaspace       used 65681K, committed 67072K, reserved 1114112K
  class space    used 6802K, committed 7424K, reserved 1048576K
}
Event: 1767.451 GC heap before
{Heap before GC invocations=269 (full 3):
 PSYoungGen      total 2560K, used 2560K [0x00000000eab00000, 0x00000000eaf00000, 0x0000000100000000)
  eden space 2048K, 100% used [0x00000000eab00000,0x00000000ead00000,0x00000000ead00000)
  from space 512K, 100% used [0x00000000ead00000,0x00000000ead80000,0x00000000ead80000)
  to   space 1024K, 0% used [0x00000000eae00000,0x00000000eae00000,0x00000000eaf00000)
 ParOldGen       total 383488K, used 383225K [0x00000000c0000000, 0x00000000d7680000, 0x00000000eab00000)
  object space 383488K, 99% used [0x00000000c0000000,0x00000000d763e788,0x00000000d7680000)
 Metaspace       used 65684K, committed 67072K, reserved 1114112K
  class space    used 6803K, committed 7424K, reserved 1048576K
}
Event: 1767.454 GC heap after
{Heap after GC invocations=269 (full 3):
 PSYoungGen      total 2048K, used 1004K [0x00000000eab00000, 0x00000000eb180000, 0x0000000100000000)
  eden space 1024K, 0% used [0x00000000eab00000,0x00000000eab00000,0x00000000eac00000)
  from space 1024K, 98% used [0x00000000eae00000,0x00000000eaefb298,0x00000000eaf00000)
  to   space 2048K, 0% used [0x00000000eac00000,0x00000000eac00000,0x00000000eae00000)
 ParOldGen       total 384000K, used 383937K [0x00000000c0000000, 0x00000000d7700000, 0x00000000eab00000)
  object space 384000K, 99% used [0x00000000c0000000,0x00000000d76f0788,0x00000000d7700000)
 Metaspace       used 65684K, committed 67072K, reserved 1114112K
  class space    used 6803K, committed 7424K, reserved 1048576K
}
Event: 1767.461 GC heap before
{Heap before GC invocations=270 (full 3):
 PSYoungGen      total 2048K, used 2028K [0x00000000eab00000, 0x00000000eb180000, 0x0000000100000000)
  eden space 1024K, 100% used [0x00000000eab00000,0x00000000eac00000,0x00000000eac00000)
  from space 1024K, 98% used [0x00000000eae00000,0x00000000eaefb298,0x00000000eaf00000)
  to   space 2048K, 0% used [0x00000000eac00000,0x00000000eac00000,0x00000000eae00000)
 ParOldGen       total 384000K, used 383937K [0x00000000c0000000, 0x00000000d7700000, 0x00000000eab00000)
  object space 384000K, 99% used [0x00000000c0000000,0x00000000d76f0788,0x00000000d7700000)
 Metaspace       used 65684K, committed 67072K, reserved 1114112K
  class space    used 6803K, committed 7424K, reserved 1048576K
}
Event: 1767.464 GC heap after
{Heap after GC invocations=270 (full 3):
 PSYoungGen      total 3072K, used 1056K [0x00000000eab00000, 0x00000000eaf80000, 0x0000000100000000)
  eden space 1024K, 0% used [0x00000000eab00000,0x00000000eab00000,0x00000000eac00000)
  from space 2048K, 51% used [0x00000000eac00000,0x00000000ead08000,0x00000000eae00000)
  to   space 1536K, 0% used [0x00000000eae00000,0x00000000eae00000,0x00000000eaf80000)
 ParOldGen       total 385024K, used 384926K [0x00000000c0000000, 0x00000000d7800000, 0x00000000eab00000)
  object space 385024K, 99% used [0x00000000c0000000,0x00000000d77e7a20,0x00000000d7800000)
 Metaspace       used 65684K, committed 67072K, reserved 1114112K
  class space    used 6803K, committed 7424K, reserved 1048576K
}
Event: 1767.468 GC heap before
{Heap before GC invocations=271 (full 3):
 PSYoungGen      total 3072K, used 2080K [0x00000000eab00000, 0x00000000eaf80000, 0x0000000100000000)
  eden space 1024K, 100% used [0x00000000eab00000,0x00000000eac00000,0x00000000eac00000)
  from space 2048K, 51% used [0x00000000eac00000,0x00000000ead08000,0x00000000eae00000)
  to   space 1536K, 0% used [0x00000000eae00000,0x00000000eae00000,0x00000000eaf80000)
 ParOldGen       total 385024K, used 384926K [0x00000000c0000000, 0x00000000d7800000, 0x00000000eab00000)
  object space 385024K, 99% used [0x00000000c0000000,0x00000000d77e7a20,0x00000000d7800000)
 Metaspace       used 65684K, committed 67072K, reserved 1114112K
  class space    used 6803K, committed 7424K, reserved 1048576K
}
Event: 1767.471 GC heap after
{Heap after GC invocations=271 (full 3):
 PSYoungGen      total 3072K, used 1088K [0x00000000eab00000, 0x00000000eaf80000, 0x0000000100000000)
  eden space 1536K, 0% used [0x00000000eab00000,0x00000000eab00000,0x00000000eac80000)
  from space 1536K, 70% used [0x00000000eae00000,0x00000000eaf10000,0x00000000eaf80000)
  to   space 1536K, 0% used [0x00000000eac80000,0x00000000eac80000,0x00000000eae00000)
 ParOldGen       total 386048K, used 385958K [0x00000000c0000000, 0x00000000d7900000, 0x00000000eab00000)
  object space 386048K, 99% used [0x00000000c0000000,0x00000000d78e9a20,0x00000000d7900000)
 Metaspace       used 65684K, committed 67072K, reserved 1114112K
  class space    used 6803K, committed 7424K, reserved 1048576K
}
Event: 1767.476 GC heap before
{Heap before GC invocations=272 (full 3):
 PSYoungGen      total 3072K, used 2624K [0x00000000eab00000, 0x00000000eaf80000, 0x0000000100000000)
  eden space 1536K, 100% used [0x00000000eab00000,0x00000000eac80000,0x00000000eac80000)
  from space 1536K, 70% used [0x00000000eae00000,0x00000000eaf10000,0x00000000eaf80000)
  to   space 1536K, 0% used [0x00000000eac80000,0x00000000eac80000,0x00000000eae00000)
 ParOldGen       total 386048K, used 385958K [0x00000000c0000000, 0x00000000d7900000, 0x00000000eab00000)
  object space 386048K, 99% used [0x00000000c0000000,0x00000000d78e9a20,0x00000000d7900000)
 Metaspace       used 65684K, committed 67072K, reserved 1114112K
  class space    used 6803K, committed 7424K, reserved 1048576K
}
Event: 1767.478 GC heap after
{Heap after GC invocations=272 (full 3):
 PSYoungGen      total 3072K, used 1536K [0x00000000eab00000, 0x00000000eb300000, 0x0000000100000000)
  eden space 1536K, 0% used [0x00000000eab00000,0x00000000eab00000,0x00000000eac80000)
  from space 1536K, 100% used [0x00000000eac80000,0x00000000eae00000,0x00000000eae00000)
  to   space 3072K, 0% used [0x00000000eb000000,0x00000000eb000000,0x00000000eb300000)
 ParOldGen       total 387072K, used 387006K [0x00000000c0000000, 0x00000000d7a00000, 0x00000000eab00000)
  object space 387072K, 99% used [0x00000000c0000000,0x00000000d79efa20,0x00000000d7a00000)
 Metaspace       used 65684K, committed 67072K, reserved 1114112K
  class space    used 6803K, committed 7424K, reserved 1048576K
}
Event: 1767.482 GC heap before
{Heap before GC invocations=273 (full 3):
 PSYoungGen      total 3072K, used 3071K [0x00000000eab00000, 0x00000000eb300000, 0x0000000100000000)
  eden space 1536K, 99% used [0x00000000eab00000,0x00000000eac7fc40,0x00000000eac80000)
  from space 1536K, 100% used [0x00000000eac80000,0x00000000eae00000,0x00000000eae00000)
  to   space 3072K, 0% used [0x00000000eb000000,0x00000000eb000000,0x00000000eb300000)
 ParOldGen       total 387072K, used 387006K [0x00000000c0000000, 0x00000000d7a00000, 0x00000000eab00000)
  object space 387072K, 99% used [0x00000000c0000000,0x00000000d79efa20,0x00000000d7a00000)
 Metaspace       used 65684K, committed 67072K, reserved 1114112K
  class space    used 6803K, committed 7424K, reserved 1048576K
}
Event: 1767.486 GC heap after
{Heap after GC invocations=273 (full 3):
 PSYoungGen      total 4096K, used 1616K [0x00000000eab00000, 0x00000000eb200000, 0x0000000100000000)
  eden space 2048K, 0% used [0x00000000eab00000,0x00000000eab00000,0x00000000ead00000)
  from space 2048K, 78% used [0x00000000eb000000,0x00000000eb194020,0x00000000eb200000)
  to   space 2048K, 0% used [0x00000000eae00000,0x00000000eae00000,0x00000000eb000000)
 ParOldGen       total 388608K, used 388518K [0x00000000c0000000, 0x00000000d7b80000, 0x00000000eab00000)
  object space 388608K, 99% used [0x00000000c0000000,0x00000000d7b69a20,0x00000000d7b80000)
 Metaspace       used 65684K, committed 67072K, reserved 1114112K
  class space    used 6803K, committed 7424K, reserved 1048576K
}
Event: 1767.497 GC heap before
{Heap before GC invocations=274 (full 3):
 PSYoungGen      total 4096K, used 3664K [0x00000000eab00000, 0x00000000eb200000, 0x0000000100000000)
  eden space 2048K, 100% used [0x00000000eab00000,0x00000000ead00000,0x00000000ead00000)
  from space 2048K, 78% used [0x00000000eb000000,0x00000000eb194020,0x00000000eb200000)
  to   space 2048K, 0% used [0x00000000eae00000,0x00000000eae00000,0x00000000eb000000)
 ParOldGen       total 388608K, used 388518K [0x00000000c0000000, 0x00000000d7b80000, 0x00000000eab00000)
  object space 388608K, 99% used [0x00000000c0000000,0x00000000d7b69a20,0x00000000d7b80000)
 Metaspace       used 65692K, committed 67072K, reserved 1114112K
  class space    used 6803K, committed 7424K, reserved 1048576K
}
Event: 1767.500 GC heap after
{Heap after GC invocations=274 (full 3):
 PSYoungGen      total 4608K, used 2018K [0x00000000eab00000, 0x00000000eb580000, 0x0000000100000000)
  eden space 2560K, 0% used [0x00000000eab00000,0x00000000eab00000,0x00000000ead80000)
  from space 2048K, 98% used [0x00000000eae00000,0x00000000eaff8aa8,0x00000000eb000000)
  to   space 4096K, 0% used [0x00000000eb180000,0x00000000eb180000,0x00000000eb580000)
 ParOldGen       total 390144K, used 390099K [0x00000000c0000000, 0x00000000d7d00000, 0x00000000eab00000)
  object space 390144K, 99% used [0x00000000c0000000,0x00000000d7cf4d20,0x00000000d7d00000)
 Metaspace       used 65692K, committed 67072K, reserved 1114112K
  class space    used 6803K, committed 7424K, reserved 1048576K
}
Event: 1767.507 GC heap before
{Heap before GC invocations=275 (full 3):
 PSYoungGen      total 4608K, used 4578K [0x00000000eab00000, 0x00000000eb580000, 0x0000000100000000)
  eden space 2560K, 100% used [0x00000000eab00000,0x00000000ead80000,0x00000000ead80000)
  from space 2048K, 98% used [0x00000000eae00000,0x00000000eaff8aa8,0x00000000eb000000)
  to   space 4096K, 0% used [0x00000000eb180000,0x00000000eb180000,0x00000000eb580000)
 ParOldGen       total 390144K, used 390099K [0x00000000c0000000, 0x00000000d7d00000, 0x00000000eab00000)
  object space 390144K, 99% used [0x00000000c0000000,0x00000000d7cf4d20,0x00000000d7d00000)
 Metaspace       used 65692K, committed 67072K, reserved 1114112K
  class space    used 6803K, committed 7424K, reserved 1048576K
}
Event: 1767.510 GC heap after
{Heap after GC invocations=275 (full 3):
 PSYoungGen      total 5632K, used 2061K [0x00000000eab00000, 0x00000000eb400000, 0x0000000100000000)
  eden space 3072K, 0% used [0x00000000eab00000,0x00000000eab00000,0x00000000eae00000)
  from space 2560K, 80% used [0x00000000eb180000,0x00000000eb383408,0x00000000eb400000)
  to   space 3072K, 0% used [0x00000000eae00000,0x00000000eae00000,0x00000000eb100000)
 ParOldGen       total 390656K, used 390410K [0x00000000c0000000, 0x00000000d7d80000, 0x00000000eab00000)
  object space 390656K, 99% used [0x00000000c0000000,0x00000000d7d429f0,0x00000000d7d80000)
 Metaspace       used 65692K, committed 67072K, reserved 1114112K
  class space    used 6803K, committed 7424K, reserved 1048576K
}
Event: 1767.517 GC heap before
{Heap before GC invocations=276 (full 3):
 PSYoungGen      total 5632K, used 5133K [0x00000000eab00000, 0x00000000eb400000, 0x0000000100000000)
  eden space 3072K, 100% used [0x00000000eab00000,0x00000000eae00000,0x00000000eae00000)
  from space 2560K, 80% used [0x00000000eb180000,0x00000000eb383408,0x00000000eb400000)
  to   space 3072K, 0% used [0x00000000eae00000,0x00000000eae00000,0x00000000eb100000)
 ParOldGen       total 390656K, used 390410K [0x00000000c0000000, 0x00000000d7d80000, 0x00000000eab00000)
  object space 390656K, 99% used [0x00000000c0000000,0x00000000d7d429f0,0x00000000d7d80000)
 Metaspace       used 65703K, committed 67072K, reserved 1114112K
  class space    used 6803K, committed 7424K, reserved 1048576K
}
Event: 1767.521 GC heap after
{Heap after GC invocations=276 (full 3):
 PSYoungGen      total 6144K, used 3071K [0x00000000eab00000, 0x00000000eb400000, 0x0000000100000000)
  eden space 3072K, 0% used [0x00000000eab00000,0x00000000eab00000,0x00000000eae00000)
  from space 3072K, 99% used [0x00000000eae00000,0x00000000eb0fff38,0x00000000eb100000)
  to   space 2560K, 0% used [0x00000000eb180000,0x00000000eb180000,0x00000000eb400000)
 ParOldGen       total 392704K, used 392499K [0x00000000c0000000, 0x00000000d7f80000, 0x00000000eab00000)
  object space 392704K, 99% used [0x00000000c0000000,0x00000000d7f4ce78,0x00000000d7f80000)
 Metaspace       used 65703K, committed 67072K, reserved 1114112K
  class space    used 6803K, committed 7424K, reserved 1048576K
}
Event: 1767.562 GC heap before
{Heap before GC invocations=277 (full 3):
 PSYoungGen      total 6144K, used 6143K [0x00000000eab00000, 0x00000000eb400000, 0x0000000100000000)
  eden space 3072K, 99% used [0x00000000eab00000,0x00000000eadffd00,0x00000000eae00000)
  from space 3072K, 99% used [0x00000000eae00000,0x00000000eb0fff38,0x00000000eb100000)
  to   space 2560K, 0% used [0x00000000eb180000,0x00000000eb180000,0x00000000eb400000)
 ParOldGen       total 392704K, used 392499K [0x00000000c0000000, 0x00000000d7f80000, 0x00000000eab00000)
  object space 392704K, 99% used [0x00000000c0000000,0x00000000d7f4ce78,0x00000000d7f80000)
 Metaspace       used 65769K, committed 67136K, reserved 1114112K
  class space    used 6812K, committed 7424K, reserved 1048576K
}
Event: 1767.564 GC heap after
{Heap after GC invocations=277 (full 3):
 PSYoungGen      total 5632K, used 1518K [0x00000000eab00000, 0x00000000eb400000, 0x0000000100000000)
  eden space 3072K, 0% used [0x00000000eab00000,0x00000000eab00000,0x00000000eae00000)
  from space 2560K, 59% used [0x00000000eb180000,0x00000000eb2fb958,0x00000000eb400000)
  to   space 3072K, 0% used [0x00000000eae00000,0x00000000eae00000,0x00000000eb100000)
 ParOldGen       total 394752K, used 394707K [0x00000000c0000000, 0x00000000d8180000, 0x00000000eab00000)
  object space 394752K, 99% used [0x00000000c0000000,0x00000000d8174c28,0x00000000d8180000)
 Metaspace       used 65769K, committed 67136K, reserved 1114112K
  class space    used 6812K, committed 7424K, reserved 1048576K
}

